<object-stream>
<org.drools.core.audit.WorkingMemoryLog>
  <version>6.1</version>
  <events>
    <org.drools.core.audit.event.ObjectLogEvent>
      <type>1</type>
      <factId>1</factId>
      <objectToString>D[NOTRUN]</objectToString>
    </org.drools.core.audit.event.ObjectLogEvent>
    <org.drools.core.audit.event.ObjectLogEvent>
      <type>1</type>
      <factId>2</factId>
      <objectToString>C[NOTRUN]</objectToString>
    </org.drools.core.audit.event.ObjectLogEvent>
    <org.drools.core.audit.event.ObjectLogEvent>
      <type>1</type>
      <factId>3</factId>
      <objectToString>B[NOTRUN]</objectToString>
    </org.drools.core.audit.event.ObjectLogEvent>
    <org.drools.core.audit.event.ObjectLogEvent>
      <type>1</type>
      <factId>4</factId>
      <objectToString>A[NOTRUN]</objectToString>
    </org.drools.core.audit.event.ObjectLogEvent>
    <org.drools.core.audit.event.ActivationLogEvent>
      <type>4</type>
      <activationId>Bootstrap [4]</activationId>
      <rule>Bootstrap</rule>
      <declarations>a=A[NOTRUN]</declarations>
      <factHandleIds>4</factHandleIds>
    </org.drools.core.audit.event.ActivationLogEvent>
    <org.drools.core.audit.event.ActivationLogEvent>
      <type>6</type>
      <activationId>Bootstrap [4]</activationId>
      <rule>Bootstrap</rule>
      <declarations>a=A[NOTRUN]</declarations>
      <factHandleIds>4</factHandleIds>
    </org.drools.core.audit.event.ActivationLogEvent>
    <org.drools.core.audit.event.ObjectLogEvent>
      <type>2</type>
      <factId>4</factId>
      <objectToString>A[FINISHED]</objectToString>
    </org.drools.core.audit.event.ObjectLogEvent>
    <org.drools.core.audit.event.ActivationLogEvent>
      <type>7</type>
      <activationId>Bootstrap [4]</activationId>
      <rule>Bootstrap</rule>
      <declarations>a=A[FINISHED]</declarations>
      <factHandleIds>4</factHandleIds>
    </org.drools.core.audit.event.ActivationLogEvent>
    <org.drools.core.audit.event.ActivationLogEvent>
      <type>4</type>
      <activationId>A to B [4, 3]</activationId>
      <rule>A to B</rule>
      <declarations>b=B[NOTRUN]</declarations>
      <factHandleIds>4,3</factHandleIds>
    </org.drools.core.audit.event.ActivationLogEvent>
    <org.drools.core.audit.event.ActivationLogEvent>
      <type>6</type>
      <activationId>A to B [4, 3]</activationId>
      <rule>A to B</rule>
      <declarations>b=B[NOTRUN]</declarations>
      <factHandleIds>4,3</factHandleIds>
    </org.drools.core.audit.event.ActivationLogEvent>
    <org.drools.core.audit.event.ObjectLogEvent>
      <type>2</type>
      <factId>3</factId>
      <objectToString>B[FINISHED]</objectToString>
    </org.drools.core.audit.event.ObjectLogEvent>
    <org.drools.core.audit.event.ActivationLogEvent>
      <type>7</type>
      <activationId>A to B [4, 3]</activationId>
      <rule>A to B</rule>
      <declarations>b=B[FINISHED]</declarations>
      <factHandleIds>4,3</factHandleIds>
    </org.drools.core.audit.event.ActivationLogEvent>
    <org.drools.core.audit.event.ActivationLogEvent>
      <type>4</type>
      <activationId>B to C [3, 2]</activationId>
      <rule>B to C</rule>
      <declarations>c=C[NOTRUN]</declarations>
      <factHandleIds>3,2</factHandleIds>
    </org.drools.core.audit.event.ActivationLogEvent>
    <org.drools.core.audit.event.ActivationLogEvent>
      <type>6</type>
      <activationId>B to C [3, 2]</activationId>
      <rule>B to C</rule>
      <declarations>c=C[NOTRUN]</declarations>
      <factHandleIds>3,2</factHandleIds>
    </org.drools.core.audit.event.ActivationLogEvent>
    <org.drools.core.audit.event.ObjectLogEvent>
      <type>2</type>
      <factId>2</factId>
      <objectToString>C[FINISHED]</objectToString>
    </org.drools.core.audit.event.ObjectLogEvent>
    <org.drools.core.audit.event.ActivationLogEvent>
      <type>7</type>
      <activationId>B to C [3, 2]</activationId>
      <rule>B to C</rule>
      <declarations>c=C[FINISHED]</declarations>
      <factHandleIds>3,2</factHandleIds>
    </org.drools.core.audit.event.ActivationLogEvent>
    <org.drools.core.audit.event.ActivationLogEvent>
      <type>4</type>
      <activationId>B to D [3, 1]</activationId>
      <rule>B to D</rule>
      <declarations>d=D[NOTRUN]</declarations>
      <factHandleIds>3,1</factHandleIds>
    </org.drools.core.audit.event.ActivationLogEvent>
    <org.drools.core.audit.event.ActivationLogEvent>
      <type>6</type>
      <activationId>B to D [3, 1]</activationId>
      <rule>B to D</rule>
      <declarations>d=D[NOTRUN]</declarations>
      <factHandleIds>3,1</factHandleIds>
    </org.drools.core.audit.event.ActivationLogEvent>
    <org.drools.core.audit.event.ObjectLogEvent>
      <type>2</type>
      <factId>1</factId>
      <objectToString>D[FINISHED]</objectToString>
    </org.drools.core.audit.event.ObjectLogEvent>
    <org.drools.core.audit.event.ActivationLogEvent>
      <type>7</type>
      <activationId>B to D [3, 1]</activationId>
      <rule>B to D</rule>
      <declarations>d=D[FINISHED]</declarations>
      <factHandleIds>3,1</factHandleIds>
    </org.drools.core.audit.event.ActivationLogEvent>
  </events>
</org.drools.core.audit.WorkingMemoryLog>
</object-stream>
